<?xml version="1.0" encoding="UTF-8"?>
<!-- Generated by org.testng.reporters.JUnitXMLReporter -->
<testsuite hostname="Nitesh" ignored="0" name="curiosityboxSignup Test Cases" tests="2" failures="0" timestamp="10 Apr 2019 10:49:15 GMT" time="0.254" errors="0">
  <testcase name="@BeforeMethod setup" time="0.171" classname="com.curiositybox.testcases.SignUpPageTest">
    <failure type="java.lang.IllegalStateException" message="The driver executable does not exist: E:\git\EndCommerce\src\main\resources\drivers\geckodriver.exe">
      <![CDATA[java.lang.IllegalStateException: The driver executable does not exist: E:\git\EndCommerce\src\main\resources\drivers\geckodriver.exe
at com.google.common.base.Preconditions.checkState(Preconditions.java:585)
at org.openqa.selenium.remote.service.DriverService.checkExecutable(DriverService.java:146)
at org.openqa.selenium.remote.service.DriverService.findExecutable(DriverService.java:141)
at org.openqa.selenium.firefox.GeckoDriverService.access$100(GeckoDriverService.java:44)
at org.openqa.selenium.firefox.GeckoDriverService$Builder.findDefaultExecutable(GeckoDriverService.java:167)
at org.openqa.selenium.remote.service.DriverService$Builder.build(DriverService.java:355)
at org.openqa.selenium.firefox.FirefoxDriver.toExecutor(FirefoxDriver.java:190)
at org.openqa.selenium.firefox.FirefoxDriver.<init>(FirefoxDriver.java:147)
at org.openqa.selenium.firefox.FirefoxDriver.<init>(FirefoxDriver.java:125)
at com.curiositybox.base.TestBase.intialization(TestBase.java:42)
at com.curiositybox.testcases.SignUpPageTest.setup(SignUpPageTest.java:24)
... Removed 28 stack frames]]>
    </failure>
  </testcase> <!-- @BeforeMethod setup -->
  <testcase name="@AfterMethod teardown" time="0.0" classname="com.curiositybox.testcases.SignUpPageTest">
    <skipped/>
  </testcase> <!-- @AfterMethod teardown -->
  <testcase name="registerFormverifyTest" time="0.0" classname="com.curiositybox.testcases.SignUpPageTest">
    <skipped/>
  </testcase> <!-- registerFormverifyTest -->
  <testcase name="registerTest" time="0.0" classname="com.curiositybox.testcases.SignUpPageTest">
    <skipped/>
  </testcase> <!-- registerTest -->
</testsuite> <!-- curiosityboxSignup Test Cases -->
